build/app/intermediates/manifest_merge_blame_file/debug/manifest-merger-blame-debug-report.txt
1<?xml version="1.0" encoding="utf-8"?>
2<manifest xmlns:android="http://schemas.android.com/apk/res/android"
3    package="com.atifqamar.razorpay_plugin_test"
4    android:versionCode="1"
5    android:versionName="1.0.0" >
6
7    <uses-sdk
8        android:minSdkVersion="21"
9        android:targetSdkVersion="30" />
10    <!--
11         The INTERNET permission is required for development. Specifically,
12         the Flutter tool needs it to communicate with the running application
13         to allow setting breakpoints, to provide hot reload, etc.
14    -->
15    <uses-permission android:name="android.permission.INTERNET" />
15-->src/main/AndroidManifest.xml:3:5-67
15-->src/main/AndroidManifest.xml:3:22-64
16    <uses-permission android:name="android.permission.ACCESS_NETWORK_STATE" />
16-->[customui-uat-010823-1528.aar] AndroidManifest.xml:8:5-79
16-->[customui-uat-010823-1528.aar] AndroidManifest.xml:8:22-76
17
18    <queries>
18-->[customui-uat-010823-1528.aar] AndroidManifest.xml:10:5-36:15
19        <intent>
19-->[customui-uat-010823-1528.aar] AndroidManifest.xml:11:9-17:18
20            <action android:name="android.intent.action.VIEW" />
20-->[customui-uat-010823-1528.aar] AndroidManifest.xml:12:13-65
20-->[customui-uat-010823-1528.aar] AndroidManifest.xml:12:21-62
21
22            <data
22-->[customui-uat-010823-1528.aar] AndroidManifest.xml:14:13-16:38
23                android:mimeType="*/*"
23-->[customui-uat-010823-1528.aar] AndroidManifest.xml:15:17-39
24                android:scheme="*" />
24-->[customui-uat-010823-1528.aar] AndroidManifest.xml:16:17-35
25        </intent>
26        <intent>
26-->[customui-uat-010823-1528.aar] AndroidManifest.xml:18:9-27:18
27            <action android:name="android.intent.action.VIEW" />
27-->[customui-uat-010823-1528.aar] AndroidManifest.xml:12:13-65
27-->[customui-uat-010823-1528.aar] AndroidManifest.xml:12:21-62
28
29            <category android:name="android.intent.category.BROWSABLE" />
29-->[customui-uat-010823-1528.aar] AndroidManifest.xml:21:13-74
29-->[customui-uat-010823-1528.aar] AndroidManifest.xml:21:23-71
30
31            <data
31-->[customui-uat-010823-1528.aar] AndroidManifest.xml:14:13-16:38
32                android:host="pay"
33                android:mimeType="*/*"
33-->[customui-uat-010823-1528.aar] AndroidManifest.xml:15:17-39
34                android:scheme="upi" />
34-->[customui-uat-010823-1528.aar] AndroidManifest.xml:16:17-35
35        </intent>
36        <intent>
36-->[customui-uat-010823-1528.aar] AndroidManifest.xml:28:9-30:18
37            <action android:name="android.intent.action.MAIN" />
37-->[customui-uat-010823-1528.aar] AndroidManifest.xml:29:13-65
37-->[customui-uat-010823-1528.aar] AndroidManifest.xml:29:21-62
38        </intent>
39        <intent>
39-->[customui-uat-010823-1528.aar] AndroidManifest.xml:31:9-35:18
40            <action android:name="android.intent.action.SEND" />
40-->[customui-uat-010823-1528.aar] AndroidManifest.xml:32:13-65
40-->[customui-uat-010823-1528.aar] AndroidManifest.xml:32:21-62
41
42            <data android:mimeType="*/*" />
42-->[customui-uat-010823-1528.aar] AndroidManifest.xml:14:13-16:38
42-->[customui-uat-010823-1528.aar] AndroidManifest.xml:15:17-39
43        </intent>
44        <!-- List of apps which you want to support for Intent pay -->
45        <package android:name="com.google.android.apps.nbu.paisa.user" />
45-->[:razorpay_flutter_customui] AndroidManifest.xml:12:9-74
45-->[:razorpay_flutter_customui] AndroidManifest.xml:12:18-71
46        <package android:name="com.phonepe.app" />
46-->[:razorpay_flutter_customui] AndroidManifest.xml:13:9-51
46-->[:razorpay_flutter_customui] AndroidManifest.xml:13:18-48
47        <package android:name="in.org.npci.upiapp" />
47-->[:razorpay_flutter_customui] AndroidManifest.xml:14:9-54
47-->[:razorpay_flutter_customui] AndroidManifest.xml:14:18-51
48        <package android:name="com.google.android.apps.nbu.paisa.user" />
48-->[:razorpay_flutter_customui] AndroidManifest.xml:12:9-74
48-->[:razorpay_flutter_customui] AndroidManifest.xml:12:18-71
49        <package android:name="in.org.npci.upiapp" />
49-->[:razorpay_flutter_customui] AndroidManifest.xml:14:9-54
49-->[:razorpay_flutter_customui] AndroidManifest.xml:14:18-51
50        <package android:name="com.phonepe.app" />
50-->[:razorpay_flutter_customui] AndroidManifest.xml:13:9-51
50-->[:razorpay_flutter_customui] AndroidManifest.xml:13:18-48
51        <package android:name="com.myairtelapp" />
51-->[:razorpay_flutter_customui] AndroidManifest.xml:18:9-51
51-->[:razorpay_flutter_customui] AndroidManifest.xml:18:18-48
52        <package android:name="com.myairtelapp.debug" />
52-->[:razorpay_flutter_customui] AndroidManifest.xml:19:9-57
52-->[:razorpay_flutter_customui] AndroidManifest.xml:19:18-54
53        <package android:name="com.csam.icici.bank.imobile" />
53-->[:razorpay_flutter_customui] AndroidManifest.xml:20:9-63
53-->[:razorpay_flutter_customui] AndroidManifest.xml:20:18-60
54        <package android:name="net.one97.paytm" />
54-->[:razorpay_flutter_customui] AndroidManifest.xml:21:9-51
54-->[:razorpay_flutter_customui] AndroidManifest.xml:21:18-48
55        <package android:name="com.sbi.upi" />
55-->[:razorpay_flutter_customui] AndroidManifest.xml:22:9-47
55-->[:razorpay_flutter_customui] AndroidManifest.xml:22:18-44
56        <package android:name="com.upi.axispay" />
56-->[:razorpay_flutter_customui] AndroidManifest.xml:23:9-51
56-->[:razorpay_flutter_customui] AndroidManifest.xml:23:18-48
57        <package android:name="com.samsung.android.spaymini" />
57-->[:razorpay_flutter_customui] AndroidManifest.xml:24:9-64
57-->[:razorpay_flutter_customui] AndroidManifest.xml:24:18-61
58        <package android:name="com.samsung.android.spay" />
58-->[:razorpay_flutter_customui] AndroidManifest.xml:25:9-60
58-->[:razorpay_flutter_customui] AndroidManifest.xml:25:18-57
59        <package android:name="com.snapwork.hdfc" />
59-->[:razorpay_flutter_customui] AndroidManifest.xml:26:9-53
59-->[:razorpay_flutter_customui] AndroidManifest.xml:26:18-50
60        <package android:name="com.fss.pnbpsp" />
60-->[:razorpay_flutter_customui] AndroidManifest.xml:27:9-50
60-->[:razorpay_flutter_customui] AndroidManifest.xml:27:18-47
61        <package android:name="com.icicibank.pockets" />
61-->[:razorpay_flutter_customui] AndroidManifest.xml:28:9-57
61-->[:razorpay_flutter_customui] AndroidManifest.xml:28:18-54
62        <package android:name="com.bankofbaroda.upi" />
62-->[:razorpay_flutter_customui] AndroidManifest.xml:29:9-56
62-->[:razorpay_flutter_customui] AndroidManifest.xml:29:18-53
63        <package android:name="com.freecharge.android" />
63-->[:razorpay_flutter_customui] AndroidManifest.xml:30:9-58
63-->[:razorpay_flutter_customui] AndroidManifest.xml:30:18-55
64        <package android:name="com.fss.unbipsp" />
64-->[:razorpay_flutter_customui] AndroidManifest.xml:31:9-51
64-->[:razorpay_flutter_customui] AndroidManifest.xml:31:18-48
65        <package android:name="com.axis.mobile" />
65-->[:razorpay_flutter_customui] AndroidManifest.xml:32:9-51
65-->[:razorpay_flutter_customui] AndroidManifest.xml:32:18-48
66        <package android:name="com.mycompany.kvb" />
66-->[:razorpay_flutter_customui] AndroidManifest.xml:33:9-53
66-->[:razorpay_flutter_customui] AndroidManifest.xml:33:18-50
67        <package android:name="com.fss.vijayapsp" />
67-->[:razorpay_flutter_customui] AndroidManifest.xml:34:9-53
67-->[:razorpay_flutter_customui] AndroidManifest.xml:34:18-50
68        <package android:name="com.dena.upi.gui" />
68-->[:razorpay_flutter_customui] AndroidManifest.xml:35:9-52
68-->[:razorpay_flutter_customui] AndroidManifest.xml:35:18-49
69        <package android:name="com.fss.jnkpsp" />
69-->[:razorpay_flutter_customui] AndroidManifest.xml:36:9-50
69-->[:razorpay_flutter_customui] AndroidManifest.xml:36:18-47
70        <package android:name="com.olive.kotak.upi" />
70-->[:razorpay_flutter_customui] AndroidManifest.xml:37:9-55
70-->[:razorpay_flutter_customui] AndroidManifest.xml:37:18-52
71        <package android:name="com.enstage.wibmo.hdfc" />
71-->[:razorpay_flutter_customui] AndroidManifest.xml:38:9-58
71-->[:razorpay_flutter_customui] AndroidManifest.xml:38:18-55
72        <package android:name="com.bsb.hike" />
72-->[:razorpay_flutter_customui] AndroidManifest.xml:39:9-48
72-->[:razorpay_flutter_customui] AndroidManifest.xml:39:18-45
73        <package android:name="com.fss.idfcpsp" />
73-->[:razorpay_flutter_customui] AndroidManifest.xml:40:9-51
73-->[:razorpay_flutter_customui] AndroidManifest.xml:40:18-48
74        <package android:name="com.YesBank" />
74-->[:razorpay_flutter_customui] AndroidManifest.xml:41:9-47
74-->[:razorpay_flutter_customui] AndroidManifest.xml:41:18-44
75        <package android:name="com.abipbl.upi" />
75-->[:razorpay_flutter_customui] AndroidManifest.xml:42:9-50
75-->[:razorpay_flutter_customui] AndroidManifest.xml:42:18-47
76        <package android:name="com.microsoft.mobile.polymer" />
76-->[:razorpay_flutter_customui] AndroidManifest.xml:43:9-64
76-->[:razorpay_flutter_customui] AndroidManifest.xml:43:18-61
77        <package android:name="com.finopaytech.bpayfino" />
77-->[:razorpay_flutter_customui] AndroidManifest.xml:44:9-60
77-->[:razorpay_flutter_customui] AndroidManifest.xml:44:18-57
78        <package android:name="com.mgs.obcbank" />
78-->[:razorpay_flutter_customui] AndroidManifest.xml:45:9-51
78-->[:razorpay_flutter_customui] AndroidManifest.xml:45:18-48
79        <package android:name="com.upi.federalbank.org.lotza" />
79-->[:razorpay_flutter_customui] AndroidManifest.xml:46:9-65
79-->[:razorpay_flutter_customui] AndroidManifest.xml:46:18-62
80        <package android:name="com.mgs.induspsp" />
80-->[:razorpay_flutter_customui] AndroidManifest.xml:47:9-52
80-->[:razorpay_flutter_customui] AndroidManifest.xml:47:18-49
81        <package android:name="ai.wizely.android" />
81-->[:razorpay_flutter_customui] AndroidManifest.xml:48:9-53
81-->[:razorpay_flutter_customui] AndroidManifest.xml:48:18-50
82        <package android:name="com.olive.dcb.upi" />
82-->[:razorpay_flutter_customui] AndroidManifest.xml:49:9-53
82-->[:razorpay_flutter_customui] AndroidManifest.xml:49:18-50
83        <package android:name="com.mgs.yesmerchantnative.prod" />
83-->[:razorpay_flutter_customui] AndroidManifest.xml:50:9-66
83-->[:razorpay_flutter_customui] AndroidManifest.xml:50:18-63
84        <package android:name="com.example.demo" />
84-->[:razorpay_flutter_customui] AndroidManifest.xml:51:9-52
84-->[:razorpay_flutter_customui] AndroidManifest.xml:51:18-49
85        <package android:name="in.amazon.mShop.android.shopping" />
85-->[:razorpay_flutter_customui] AndroidManifest.xml:52:9-68
85-->[:razorpay_flutter_customui] AndroidManifest.xml:52:18-65
86        <!--
87             Specific intents you query for,
88             eg: for a custom share UI
89        -->
90        <intent>
90-->[:razorpay_flutter_customui] AndroidManifest.xml:58:9-60:18
91            <action android:name="android.intent.action.SEND" />
91-->[customui-uat-010823-1528.aar] AndroidManifest.xml:32:13-65
91-->[customui-uat-010823-1528.aar] AndroidManifest.xml:32:21-62
92        </intent>
93    </queries>
94
95    <application
96        android:name="android.app.Application"
97        android:appComponentFactory="androidx.core.app.CoreComponentFactory"
97-->[androidx.core:core:1.6.0] AndroidManifest.xml:24:18-86
98        android:debuggable="true"
99        android:icon="@mipmap/ic_launcher"
100        android:label="razorpay_plugin_test" >
101        <activity
102            android:name="com.atifqamar.razorpay_plugin_test.MainActivity"
103            android:configChanges="orientation|keyboardHidden|keyboard|screenSize|smallestScreenSize|locale|layoutDirection|fontScale|screenLayout|density|uiMode"
104            android:exported="true"
105            android:hardwareAccelerated="true"
106            android:launchMode="singleTop"
107            android:theme="@style/LaunchTheme"
108            android:windowSoftInputMode="adjustResize" >
109
110            <!--
111                 Specifies an Android theme to apply to this Activity as soon as
112                 the Android process has started. This theme is visible to the user
113                 while the Flutter UI initializes. After that, this theme continues
114                 to determine the Window background behind the Flutter UI.
115            -->
116            <meta-data
117                android:name="io.flutter.embedding.android.NormalTheme"
118                android:resource="@style/NormalTheme" />
119
120            <intent-filter>
121                <action android:name="android.intent.action.MAIN" />
121-->[customui-uat-010823-1528.aar] AndroidManifest.xml:29:13-65
121-->[customui-uat-010823-1528.aar] AndroidManifest.xml:29:21-62
122
123                <category android:name="android.intent.category.LAUNCHER" />
124            </intent-filter>
125        </activity>
126        <!--
127             Don't delete the meta-data below.
128             This is used by the Flutter tool to generate GeneratedPluginRegistrant.java
129        -->
130        <meta-data
131            android:name="flutterEmbedding"
132            android:value="2" />
133        <meta-data
133-->[customui-uat-010823-1528.aar] AndroidManifest.xml:39:9-41:58
134            android:name="com.razorpay.plugin.googlepay_all"
134-->[customui-uat-010823-1528.aar] AndroidManifest.xml:40:13-61
135            android:value="com.razorpay.RzpGpayMerged" />
135-->[customui-uat-010823-1528.aar] AndroidManifest.xml:41:13-55
136
137        <activity android:name="com.razorpay.flutter_customui.RazorpayPaymentActivity" />
137-->[:razorpay_flutter_customui] AndroidManifest.xml:64:9-90
137-->[:razorpay_flutter_customui] AndroidManifest.xml:64:19-87
138
139        <uses-library
139-->[androidx.window:window:1.0.0-beta04] AndroidManifest.xml:25:9-27:40
140            android:name="androidx.window.extensions"
140-->[androidx.window:window:1.0.0-beta04] AndroidManifest.xml:26:13-54
141            android:required="false" />
141-->[androidx.window:window:1.0.0-beta04] AndroidManifest.xml:27:13-37
142        <uses-library
142-->[androidx.window:window:1.0.0-beta04] AndroidManifest.xml:28:9-30:40
143            android:name="androidx.window.sidecar"
143-->[androidx.window:window:1.0.0-beta04] AndroidManifest.xml:29:13-51
144            android:required="false" />
144-->[androidx.window:window:1.0.0-beta04] AndroidManifest.xml:30:13-37
145    </application>
146
147</manifest>